<?xml version="1.0" encoding="UTF-8"?>
<testsuite name="in.reqres.userinfo.UserCURDTestWithSteps" time="0.693" tests="4" errors="1" skipped="0" failures="0">
  <properties>
[...]
</properties>
  <testcase name="test001" classname="in.reqres.userinfo.UserCURDTestWithSteps" time="0.266"/>
  <testcase name="test002" classname="in.reqres.userinfo.UserCURDTestWithSteps" time="0.142">
    <error message="Index: 0, Size: 0" type="java.lang.IndexOutOfBoundsException">java.lang.IndexOutOfBoundsException: Index: 0, Size: 0
	at Script1.run(Script1.groovy:1)
	at groovy.lang.GroovyShell.evaluate(GroovyShell.java:585)
	at groovy.lang.GroovyShell.evaluate(GroovyShell.java:623)
	at groovy.lang.GroovyShell.evaluate(GroovyShell.java:594)
	at io.restassured.internal.path.json.JSONAssertion.eval(JSONAssertion.groovy:80)
	at io.restassured.internal.path.json.JSONAssertion.getAsJsonObject(JSONAssertion.groovy:46)
	at io.restassured.internal.path.json.JSONAssertion.getResult(JSONAssertion.groovy:28)
	at io.restassured.path.json.JsonPath.get(JsonPath.java:202)
	at io.restassured.internal.RestAssuredResponseOptionsGroovyImpl.path(RestAssuredResponseOptionsGroovyImpl.groovy:398)
	at io.restassured.internal.RestAssuredResponseOptionsImpl.path(RestAssuredResponseOptionsImpl.java:200)
	at in.reqres.userinfo.UserSteps.getUserInfoByFirstName(UserSteps.java:37)
	at in.reqres.userinfo.UserCURDTestWithSteps.test002(UserCURDTestWithSteps.java:38)
</error>
    <system-out><![CDATA[Request method:	GET
Request URI:	https://reqres.in/api/users?page=2
Proxy:			<none>
Request params:	<none>
Query params:	<none>
Form params:	<none>
Path params:	<none>
Multiparts:		<none>
Headers:		Accept=*/*
Cookies:		<none>
Body:			<none>
]]></system-out>
    <system-err><![CDATA[5240 [main] INFO net.serenitybdd.core.Serenity - 
        __    _____ _____ ____ _____   ____   _    ____  ____  _____ ____  
  _     \ \  |_   _| ____/ ___|_   _| |  _ \ / \  / ___|/ ___|| ____|  _ \ 
 (_)_____| |   | | |  _| \___ \ | |   | |_) / _ \ \___ \\___ \|  _| | | | |
  _|_____| |   | | | |___ ___) || |   |  __/ ___ \ ___) |___) | |___| |_| |
 (_)     | |   |_| |_____|____/ |_|   |_| /_/   \_\____/|____/|_____|____/ 
        /_/                                                                

TEST PASSED: This will create a new user
----------------------------------------------------------------------------
5240 [main] INFO net.serenitybdd.core.Serenity - 
 _____ _____ ____ _____   ____ _____  _    ____ _____ _____ ____  
|_   _| ____/ ___|_   _| / ___|_   _|/ \  |  _ \_   _| ____|  _ \ 
  | | |  _| \___ \ | |   \___ \ | | / _ \ | |_) || | |  _| | | | |
  | | | |___ ___) || |    ___) || |/ ___ \|  _ < | | | |___| |_| |
  |_| |_____|____/ |_|   |____/ |_/_/   \_\_| \_\|_| |_____|____/ 
                                                                  

TEST STARTED: test002
-------------------------------------------------------------------
5256 [main] INFO net.serenitybdd.core.Serenity - TEST NUMBER: 2
]]></system-err>
  </testcase>
  <testcase name="test003" classname="in.reqres.userinfo.UserCURDTestWithSteps" time="0.158"/>
  <testcase name="test004" classname="in.reqres.userinfo.UserCURDTestWithSteps" time="0.127"/>
</testsuite>